  CardsDriver.cpp
C:\Users\Ali\Desktop\Comp345-Risk-Map\Risk\Comp345-Risk\CardsDriver.cpp(4,17): error C2757: 'Cards': a symbol with this name already exists and therefore this name cannot be used as a namespace name
  GameDriver.cpp
C:\Users\Ali\Desktop\Comp345-Risk-Map\Risk\Comp345-Risk\GameDriver.cpp(12,13): error C2039: 'main': is not a member of 'MapLoader'
C:\Users\Ali\Desktop\Comp345-Risk-Map\Risk\Comp345-Risk\MapLoader.h(12): message : see declaration of 'MapLoader'
C:\Users\Ali\Desktop\Comp345-Risk-Map\Risk\Comp345-Risk\GameDriver.cpp(14,10): error C2039: 'main': is not a member of 'Player'
C:\Users\Ali\Desktop\Comp345-Risk-Map\Risk\Comp345-Risk\Player.h(15): message : see declaration of 'Player'
C:\Users\Ali\Desktop\Comp345-Risk-Map\Risk\Comp345-Risk\GameDriver.cpp(16,18): error C2653: 'OrdersList': is not a class or namespace name
C:\Users\Ali\Desktop\Comp345-Risk-Map\Risk\Comp345-Risk\GameDriver.cpp(18,9): error C2039: 'main': is not a member of 'Cards'
C:\Users\Ali\Desktop\Comp345-Risk-Map\Risk\Comp345-Risk\Cards.h(19): message : see declaration of 'Cards'
  MapDriver.cpp
C:\Users\Ali\Desktop\Comp345-Risk-Map\Risk\Comp345-Risk\MapDriver.cpp(20,59): error C2660: 'Map::addTerritory': function does not take 4 arguments
C:\Users\Ali\Desktop\Comp345-Risk-Map\Risk\Comp345-Risk\Map.h(59,13): message : see declaration of 'Map::addTerritory'
C:\Users\Ali\Desktop\Comp345-Risk-Map\Risk\Comp345-Risk\MapDriver.cpp(21,59): error C2660: 'Map::addTerritory': function does not take 4 arguments
C:\Users\Ali\Desktop\Comp345-Risk-Map\Risk\Comp345-Risk\Map.h(59,13): message : see declaration of 'Map::addTerritory'
C:\Users\Ali\Desktop\Comp345-Risk-Map\Risk\Comp345-Risk\MapDriver.cpp(22,59): error C2660: 'Map::addTerritory': function does not take 4 arguments
C:\Users\Ali\Desktop\Comp345-Risk-Map\Risk\Comp345-Risk\Map.h(59,13): message : see declaration of 'Map::addTerritory'
C:\Users\Ali\Desktop\Comp345-Risk-Map\Risk\Comp345-Risk\MapDriver.cpp(23,59): error C2660: 'Map::addTerritory': function does not take 4 arguments
C:\Users\Ali\Desktop\Comp345-Risk-Map\Risk\Comp345-Risk\Map.h(59,13): message : see declaration of 'Map::addTerritory'
C:\Users\Ali\Desktop\Comp345-Risk-Map\Risk\Comp345-Risk\MapDriver.cpp(24,59): error C2660: 'Map::addTerritory': function does not take 4 arguments
C:\Users\Ali\Desktop\Comp345-Risk-Map\Risk\Comp345-Risk\Map.h(59,13): message : see declaration of 'Map::addTerritory'
C:\Users\Ali\Desktop\Comp345-Risk-Map\Risk\Comp345-Risk\MapDriver.cpp(25,59): error C2660: 'Map::addTerritory': function does not take 4 arguments
C:\Users\Ali\Desktop\Comp345-Risk-Map\Risk\Comp345-Risk\Map.h(59,13): message : see declaration of 'Map::addTerritory'
C:\Users\Ali\Desktop\Comp345-Risk-Map\Risk\Comp345-Risk\MapDriver.cpp(31,30): error C2664: 'void Map::addEdges(int,std::vector<int,std::allocator<int>>)': cannot convert argument 2 from 'int [2]' to 'std::vector<int,std::allocator<int>>'
C:\Users\Ali\Desktop\Comp345-Risk-Map\Risk\Comp345-Risk\MapDriver.cpp(31,30): message : No constructor could take the source type, or constructor overload resolution was ambiguous
C:\Users\Ali\Desktop\Comp345-Risk-Map\Risk\Comp345-Risk\Map.h(60,7): message : see declaration of 'Map::addEdges'
  MapLoader.cpp
C:\Users\Ali\Desktop\Comp345-Risk-Map\Risk\Comp345-Risk\MapLoader.cpp(35,2): error C2065: 'out': undeclared identifier
C:\Users\Ali\Desktop\Comp345-Risk-Map\Risk\Comp345-Risk\MapLoader.cpp(36,9): error C2065: 'out': undeclared identifier
C:\Users\Ali\Desktop\Comp345-Risk-Map\Risk\Comp345-Risk\MapLoader.cpp(47,2): error C2065: 'ptr': undeclared identifier
C:\Users\Ali\Desktop\Comp345-Risk-Map\Risk\Comp345-Risk\MapLoader.cpp(48,3): error C2065: 'ptr': undeclared identifier
C:\Users\Ali\Desktop\Comp345-Risk-Map\Risk\Comp345-Risk\MapLoader.cpp(48,14): error C2039: 'ptr': is not a member of 'MapLoader'
C:\Users\Ali\Desktop\Comp345-Risk-Map\Risk\Comp345-Risk\MapLoader.h(12): message : see declaration of 'MapLoader'
C:\Users\Ali\Desktop\Comp345-Risk-Map\Risk\Comp345-Risk\MapLoader.cpp(119,61): error C2664: 'std::vector<std::string,std::allocator<std::string>> MapLoader::split(std::string,std::string)': cannot convert argument 2 from 'char' to 'std::string'
C:\Users\Ali\Desktop\Comp345-Risk-Map\Risk\Comp345-Risk\MapLoader.cpp(119,61): message : No constructor could take the source type, or constructor overload resolution was ambiguous
C:\Users\Ali\Desktop\Comp345-Risk-Map\Risk\Comp345-Risk\MapLoader.h(35,22): message : see declaration of 'MapLoader::split'
C:\Users\Ali\Desktop\Comp345-Risk-Map\Risk\Comp345-Risk\MapLoader.cpp(145,61): error C2664: 'std::vector<std::string,std::allocator<std::string>> MapLoader::split(std::string,std::string)': cannot convert argument 2 from 'char' to 'std::string'
C:\Users\Ali\Desktop\Comp345-Risk-Map\Risk\Comp345-Risk\MapLoader.cpp(145,61): message : No constructor could take the source type, or constructor overload resolution was ambiguous
C:\Users\Ali\Desktop\Comp345-Risk-Map\Risk\Comp345-Risk\MapLoader.h(35,22): message : see declaration of 'MapLoader::split'
C:\Users\Ali\Desktop\Comp345-Risk-Map\Risk\Comp345-Risk\MapLoader.cpp(175,61): error C2664: 'std::vector<std::string,std::allocator<std::string>> MapLoader::split(std::string,std::string)': cannot convert argument 2 from 'char' to 'std::string'
C:\Users\Ali\Desktop\Comp345-Risk-Map\Risk\Comp345-Risk\MapLoader.cpp(175,61): message : No constructor could take the source type, or constructor overload resolution was ambiguous
C:\Users\Ali\Desktop\Comp345-Risk-Map\Risk\Comp345-Risk\MapLoader.h(35,22): message : see declaration of 'MapLoader::split'
C:\Users\Ali\Desktop\Comp345-Risk-Map\Risk\Comp345-Risk\MapLoader.cpp(199,16): error C3867: 'std::basic_ifstream<char,std::char_traits<char>>::close': non-standard syntax; use '&' to create a pointer to member
  MapLoaderDriver.cpp
C:\Users\Ali\Desktop\Comp345-Risk-Map\Risk\Comp345-Risk\MapLoaderDriver.cpp(4,21): error C2757: 'MapLoader': a symbol with this name already exists and therefore this name cannot be used as a namespace name
  OrdersList.cpp
  Player.cpp
  PlayerDriver.cpp
  Generating Code...
